{"event_type": "screening_request", "timestamp": "2026-01-28T09:40:08.370296", "request_id": "string", "user_id": "user_12345", "context": "withdrawal", "request_data": {"full_name": "Hassan Nasrallah", "country": "LB", "has_dob": true, "has_passport": true, "has_national_id": true}}
{"event_type": "yente_query", "timestamp": "2026-01-28T09:40:11.364380", "request_id": "string", "dataset": "us_ofac_sdn", "query_fields": ["name", "country", "birthDate", "passportNumber", "idNumber"], "response_status": 200, "response_time_ms": 2658.45}
{"event_type": "matches_found", "timestamp": "2026-01-28T09:40:11.365536", "request_id": "string", "dataset": "us_ofac_sdn", "match_count": 1, "top_score": 0.9, "top_entity_id": "Q181182"}
{"event_type": "yente_query", "timestamp": "2026-01-28T09:40:12.038499", "request_id": "string", "dataset": "un_sc_sanctions", "query_fields": ["name", "country", "birthDate", "passportNumber", "idNumber"], "response_status": 200, "response_time_ms": 671.91}
{"event_type": "matches_found", "timestamp": "2026-01-28T09:40:12.039040", "request_id": "string", "dataset": "un_sc_sanctions", "match_count": 0, "top_score": 0.0, "top_entity_id": null}
{"event_type": "screening_decision", "timestamp": "2026-01-28T09:40:12.040124", "request_id": "string", "user_id": "user_12345", "context": "withdrawal", "decision": "block", "risk_level": "critical", "top_score": 0.9, "total_matches": 1, "reasons": ["Top match score: 0.900 (scale: 0.0-1.0, higher = stronger match)", "Best match: 'Hasan NASRALLAH' from US_OFAC_SDN (Entity ID: Q181182)", "Total candidate matches evaluated: 1", "BLOCK decision: Score 0.900 >= block threshold 0.85", "Action required: Hard hold on withdrawal, immediate compliance review, gather additional KYC documentation."]}
{"event_type": "screening_request", "timestamp": "2026-01-28T09:41:01.250608", "request_id": "string", "user_id": "user_12347", "context": "withdrawal", "request_data": {"full_name": "Sandeep Reddy Wanga", "country": "LB", "has_dob": true, "has_passport": true, "has_national_id": true}}
{"event_type": "yente_query", "timestamp": "2026-01-28T09:41:02.221076", "request_id": "string", "dataset": "us_ofac_sdn", "query_fields": ["name", "country", "birthDate", "passportNumber", "idNumber"], "response_status": 200, "response_time_ms": 599.03}
{"event_type": "matches_found", "timestamp": "2026-01-28T09:41:02.221701", "request_id": "string", "dataset": "us_ofac_sdn", "match_count": 0, "top_score": 0.0, "top_entity_id": null}
{"event_type": "yente_query", "timestamp": "2026-01-28T09:41:02.657768", "request_id": "string", "dataset": "un_sc_sanctions", "query_fields": ["name", "country", "birthDate", "passportNumber", "idNumber"], "response_status": 200, "response_time_ms": 435.49}
{"event_type": "matches_found", "timestamp": "2026-01-28T09:41:02.658281", "request_id": "string", "dataset": "un_sc_sanctions", "match_count": 0, "top_score": 0.0, "top_entity_id": null}
{"event_type": "screening_decision", "timestamp": "2026-01-28T09:41:02.658829", "request_id": "string", "user_id": "user_12347", "context": "withdrawal", "decision": "clear", "risk_level": "none", "top_score": 0.0, "total_matches": 0, "reasons": ["No sanctions matches found in OFAC or UN datasets.", "Person cleared for transaction processing."]}
{"event_type": "screening_request", "timestamp": "2026-01-28T10:07:03.611327", "request_id": "abf8ccb7-07e4-4c08-add0-7fb921240941", "user_id": null, "context": null, "request_data": {"full_name": "Jane Elizabeth Smith", "country": "US", "has_dob": true, "has_passport": false, "has_national_id": false}}
{"event_type": "yente_query", "timestamp": "2026-01-28T10:07:04.542384", "request_id": "abf8ccb7-07e4-4c08-add0-7fb921240941", "dataset": "us_ofac_sdn", "query_fields": ["name", "country", "birthDate"], "response_status": 200, "response_time_ms": 631.66}
{"event_type": "matches_found", "timestamp": "2026-01-28T10:07:04.542920", "request_id": "abf8ccb7-07e4-4c08-add0-7fb921240941", "dataset": "us_ofac_sdn", "match_count": 0, "top_score": 0.0, "top_entity_id": null}
{"event_type": "yente_query", "timestamp": "2026-01-28T10:07:05.003239", "request_id": "abf8ccb7-07e4-4c08-add0-7fb921240941", "dataset": "un_sc_sanctions", "query_fields": ["name", "country", "birthDate"], "response_status": 200, "response_time_ms": 459.26}
{"event_type": "matches_found", "timestamp": "2026-01-28T10:07:05.003876", "request_id": "abf8ccb7-07e4-4c08-add0-7fb921240941", "dataset": "un_sc_sanctions", "match_count": 0, "top_score": 0.0, "top_entity_id": null}
{"event_type": "screening_decision", "timestamp": "2026-01-28T10:07:05.004383", "request_id": "abf8ccb7-07e4-4c08-add0-7fb921240941", "user_id": null, "context": null, "decision": "clear", "risk_level": "none", "top_score": 0.0, "total_matches": 0, "reasons": ["No sanctions matches found in OFAC or UN datasets.", "Person cleared for transaction processing."]}
{"event_type": "screening_request", "timestamp": "2026-01-28T10:07:08.119713", "request_id": "174b5fc1-1813-4c19-bda1-9488fea9ab7a", "user_id": "test_user_001", "context": "withdrawal", "request_data": {"full_name": "Hassan Nasrallah", "country": "LB", "has_dob": true, "has_passport": false, "has_national_id": false}}
{"event_type": "yente_query", "timestamp": "2026-01-28T10:07:08.863719", "request_id": "174b5fc1-1813-4c19-bda1-9488fea9ab7a", "dataset": "us_ofac_sdn", "query_fields": ["name", "country", "birthDate"], "response_status": 200, "response_time_ms": 442.48}
{"event_type": "matches_found", "timestamp": "2026-01-28T10:07:08.864783", "request_id": "174b5fc1-1813-4c19-bda1-9488fea9ab7a", "dataset": "us_ofac_sdn", "match_count": 1, "top_score": 0.9, "top_entity_id": "Q181182"}
{"event_type": "yente_query", "timestamp": "2026-01-28T10:07:09.389416", "request_id": "174b5fc1-1813-4c19-bda1-9488fea9ab7a", "dataset": "un_sc_sanctions", "query_fields": ["name", "country", "birthDate"], "response_status": 200, "response_time_ms": 524.09}
{"event_type": "matches_found", "timestamp": "2026-01-28T10:07:09.389973", "request_id": "174b5fc1-1813-4c19-bda1-9488fea9ab7a", "dataset": "un_sc_sanctions", "match_count": 0, "top_score": 0.0, "top_entity_id": null}
{"event_type": "screening_decision", "timestamp": "2026-01-28T10:07:09.390499", "request_id": "174b5fc1-1813-4c19-bda1-9488fea9ab7a", "user_id": "test_user_001", "context": "withdrawal", "decision": "block", "risk_level": "critical", "top_score": 0.9, "total_matches": 1, "reasons": ["Top match score: 0.900 (scale: 0.0-1.0, higher = stronger match)", "Best match: 'Hasan NASRALLAH' from US_OFAC_SDN (Entity ID: Q181182)", "Total candidate matches evaluated: 1", "BLOCK decision: Score 0.900 >= block threshold 0.85", "Action required: Hard hold on withdrawal, immediate compliance review, gather additional KYC documentation."]}
{"event_type": "screening_request", "timestamp": "2026-01-28T10:07:12.455315", "request_id": "76abbfe9-f8db-4c99-82c6-9b431da1f5e6", "user_id": null, "context": null, "request_data": {"full_name": "John Doe", "country": null, "has_dob": false, "has_passport": false, "has_national_id": false}}
{"event_type": "yente_query", "timestamp": "2026-01-28T10:07:13.207006", "request_id": "76abbfe9-f8db-4c99-82c6-9b431da1f5e6", "dataset": "us_ofac_sdn", "query_fields": ["name"], "response_status": 200, "response_time_ms": 405.14}
{"event_type": "matches_found", "timestamp": "2026-01-28T10:07:13.207578", "request_id": "76abbfe9-f8db-4c99-82c6-9b431da1f5e6", "dataset": "us_ofac_sdn", "match_count": 0, "top_score": 0.0, "top_entity_id": null}
{"event_type": "yente_query", "timestamp": "2026-01-28T10:07:13.573297", "request_id": "76abbfe9-f8db-4c99-82c6-9b431da1f5e6", "dataset": "un_sc_sanctions", "query_fields": ["name"], "response_status": 200, "response_time_ms": 365.15}
{"event_type": "matches_found", "timestamp": "2026-01-28T10:07:13.574306", "request_id": "76abbfe9-f8db-4c99-82c6-9b431da1f5e6", "dataset": "un_sc_sanctions", "match_count": 0, "top_score": 0.0, "top_entity_id": null}
{"event_type": "screening_decision", "timestamp": "2026-01-28T10:07:13.575227", "request_id": "76abbfe9-f8db-4c99-82c6-9b431da1f5e6", "user_id": null, "context": null, "decision": "clear", "risk_level": "none", "top_score": 0.0, "total_matches": 0, "reasons": ["No sanctions matches found in OFAC or UN datasets.", "Person cleared for transaction processing."]}
{"event_type": "screening_request", "timestamp": "2026-01-28T10:07:16.654304", "request_id": "test_request_12345", "user_id": null, "context": null, "request_data": {"full_name": "Test Person", "country": null, "has_dob": false, "has_passport": false, "has_national_id": false}}
{"event_type": "yente_query", "timestamp": "2026-01-28T10:07:17.331829", "request_id": "test_request_12345", "dataset": "us_ofac_sdn", "query_fields": ["name"], "response_status": 200, "response_time_ms": 366.74}
{"event_type": "matches_found", "timestamp": "2026-01-28T10:07:17.332408", "request_id": "test_request_12345", "dataset": "us_ofac_sdn", "match_count": 0, "top_score": 0.0, "top_entity_id": null}
{"event_type": "yente_query", "timestamp": "2026-01-28T10:07:17.684822", "request_id": "test_request_12345", "dataset": "un_sc_sanctions", "query_fields": ["name"], "response_status": 200, "response_time_ms": 351.87}
{"event_type": "matches_found", "timestamp": "2026-01-28T10:07:17.685402", "request_id": "test_request_12345", "dataset": "un_sc_sanctions", "match_count": 0, "top_score": 0.0, "top_entity_id": null}
{"event_type": "screening_decision", "timestamp": "2026-01-28T10:07:17.685939", "request_id": "test_request_12345", "user_id": null, "context": null, "decision": "clear", "risk_level": "none", "top_score": 0.0, "total_matches": 0, "reasons": ["No sanctions matches found in OFAC or UN datasets.", "Person cleared for transaction processing."]}
{"event_type": "screening_request", "timestamp": "2026-01-28T10:07:20.762234", "request_id": "bf4f0b32-8f07-4737-88d0-dc7dd33f232b", "user_id": null, "context": null, "request_data": {"full_name": "Performance Test User", "country": "US", "has_dob": false, "has_passport": false, "has_national_id": false}}
{"event_type": "yente_query", "timestamp": "2026-01-28T10:07:21.484359", "request_id": "bf4f0b32-8f07-4737-88d0-dc7dd33f232b", "dataset": "us_ofac_sdn", "query_fields": ["name", "country"], "response_status": 200, "response_time_ms": 411.84}
{"event_type": "matches_found", "timestamp": "2026-01-28T10:07:21.484895", "request_id": "bf4f0b32-8f07-4737-88d0-dc7dd33f232b", "dataset": "us_ofac_sdn", "match_count": 0, "top_score": 0.0, "top_entity_id": null}
{"event_type": "yente_query", "timestamp": "2026-01-28T10:07:21.913508", "request_id": "bf4f0b32-8f07-4737-88d0-dc7dd33f232b", "dataset": "un_sc_sanctions", "query_fields": ["name", "country"], "response_status": 200, "response_time_ms": 428.07}
{"event_type": "matches_found", "timestamp": "2026-01-28T10:07:21.914519", "request_id": "bf4f0b32-8f07-4737-88d0-dc7dd33f232b", "dataset": "un_sc_sanctions", "match_count": 0, "top_score": 0.0, "top_entity_id": null}
{"event_type": "screening_decision", "timestamp": "2026-01-28T10:07:21.915413", "request_id": "bf4f0b32-8f07-4737-88d0-dc7dd33f232b", "user_id": null, "context": null, "decision": "clear", "risk_level": "none", "top_score": 0.0, "total_matches": 0, "reasons": ["No sanctions matches found in OFAC or UN datasets.", "Person cleared for transaction processing."]}
