{"event_type": "screening_request", "timestamp": "2026-02-02T06:09:11.770076", "request_id": "2271711e-f8df-4182-b7ce-5d48b1b7e998", "user_id": null, "context": null, "request_data": {"full_name": "Jane Elizabeth Smith", "country": "US", "has_dob": true, "has_passport": false, "has_national_id": false}}
{"event_type": "yente_query", "timestamp": "2026-02-02T06:09:13.398003", "request_id": "2271711e-f8df-4182-b7ce-5d48b1b7e998", "dataset": "us_ofac_sdn", "query_fields": ["name", "country", "birthDate"], "response_status": 200, "response_time_ms": 1210.51}
{"event_type": "matches_found", "timestamp": "2026-02-02T06:09:13.399996", "request_id": "2271711e-f8df-4182-b7ce-5d48b1b7e998", "dataset": "us_ofac_sdn", "match_count": 0, "top_score": 0.0, "top_entity_id": null}
{"event_type": "yente_query", "timestamp": "2026-02-02T06:09:13.925414", "request_id": "2271711e-f8df-4182-b7ce-5d48b1b7e998", "dataset": "un_sc_sanctions", "query_fields": ["name", "country", "birthDate"], "response_status": 200, "response_time_ms": 519.57}
{"event_type": "matches_found", "timestamp": "2026-02-02T06:09:13.925970", "request_id": "2271711e-f8df-4182-b7ce-5d48b1b7e998", "dataset": "un_sc_sanctions", "match_count": 0, "top_score": 0.0, "top_entity_id": null}
{"event_type": "screening_decision", "timestamp": "2026-02-02T06:09:13.927138", "request_id": "2271711e-f8df-4182-b7ce-5d48b1b7e998", "user_id": null, "context": null, "decision": "clear", "risk_level": "none", "top_score": 0.0, "total_matches": 0, "reasons": ["No sanctions matches found in OFAC or UN datasets.", "Person cleared for transaction processing."]}
{"event_type": "screening_request", "timestamp": "2026-02-02T06:09:16.974854", "request_id": "3f967000-ff93-4c7a-a1d5-d8e50685e2c7", "user_id": "test_user_001", "context": "withdrawal", "request_data": {"full_name": "Hassan Nasrallah", "country": "LB", "has_dob": true, "has_passport": false, "has_national_id": false}}
{"event_type": "yente_query", "timestamp": "2026-02-02T06:09:18.035562", "request_id": "3f967000-ff93-4c7a-a1d5-d8e50685e2c7", "dataset": "us_ofac_sdn", "query_fields": ["name", "country", "birthDate"], "response_status": 200, "response_time_ms": 686.03}
{"event_type": "matches_found", "timestamp": "2026-02-02T06:09:18.036669", "request_id": "3f967000-ff93-4c7a-a1d5-d8e50685e2c7", "dataset": "us_ofac_sdn", "match_count": 1, "top_score": 0.9, "top_entity_id": "Q181182"}
{"event_type": "yente_query", "timestamp": "2026-02-02T06:09:18.643604", "request_id": "3f967000-ff93-4c7a-a1d5-d8e50685e2c7", "dataset": "un_sc_sanctions", "query_fields": ["name", "country", "birthDate"], "response_status": 200, "response_time_ms": 606.17}
{"event_type": "matches_found", "timestamp": "2026-02-02T06:09:18.643604", "request_id": "3f967000-ff93-4c7a-a1d5-d8e50685e2c7", "dataset": "un_sc_sanctions", "match_count": 0, "top_score": 0.0, "top_entity_id": null}
{"event_type": "screening_decision", "timestamp": "2026-02-02T06:09:18.645770", "request_id": "3f967000-ff93-4c7a-a1d5-d8e50685e2c7", "user_id": "test_user_001", "context": "withdrawal", "decision": "block", "risk_level": "critical", "top_score": 0.9, "total_matches": 1, "reasons": ["Top match score: 0.900 (scale: 0.0-1.0, higher = stronger match)", "Best match: 'Hasan NASRALLAH' from US_OFAC_SDN (Entity ID: Q181182)", "Total candidate matches evaluated: 1", "BLOCK decision: Score 0.900 >= block threshold 0.85", "Action required: Hard hold on withdrawal, immediate compliance review, gather additional KYC documentation."]}
{"event_type": "screening_request", "timestamp": "2026-02-02T06:09:21.740456", "request_id": "36499268-3a58-4115-a044-7b7c9e762487", "user_id": null, "context": null, "request_data": {"full_name": "John Doe", "country": null, "has_dob": false, "has_passport": false, "has_national_id": false}}
{"event_type": "yente_query", "timestamp": "2026-02-02T06:09:22.532549", "request_id": "36499268-3a58-4115-a044-7b7c9e762487", "dataset": "us_ofac_sdn", "query_fields": ["name"], "response_status": 200, "response_time_ms": 429.73}
{"event_type": "matches_found", "timestamp": "2026-02-02T06:09:22.533644", "request_id": "36499268-3a58-4115-a044-7b7c9e762487", "dataset": "us_ofac_sdn", "match_count": 0, "top_score": 0.0, "top_entity_id": null}
{"event_type": "yente_query", "timestamp": "2026-02-02T06:09:22.971535", "request_id": "36499268-3a58-4115-a044-7b7c9e762487", "dataset": "un_sc_sanctions", "query_fields": ["name"], "response_status": 200, "response_time_ms": 437.36}
{"event_type": "matches_found", "timestamp": "2026-02-02T06:09:22.971535", "request_id": "36499268-3a58-4115-a044-7b7c9e762487", "dataset": "un_sc_sanctions", "match_count": 0, "top_score": 0.0, "top_entity_id": null}
{"event_type": "screening_decision", "timestamp": "2026-02-02T06:09:22.972549", "request_id": "36499268-3a58-4115-a044-7b7c9e762487", "user_id": null, "context": null, "decision": "clear", "risk_level": "none", "top_score": 0.0, "total_matches": 0, "reasons": ["No sanctions matches found in OFAC or UN datasets.", "Person cleared for transaction processing."]}
{"event_type": "screening_request", "timestamp": "2026-02-02T06:09:26.079037", "request_id": "test_request_12345", "user_id": null, "context": null, "request_data": {"full_name": "Test Person", "country": null, "has_dob": false, "has_passport": false, "has_national_id": false}}
{"event_type": "yente_query", "timestamp": "2026-02-02T06:09:26.808908", "request_id": "test_request_12345", "dataset": "us_ofac_sdn", "query_fields": ["name"], "response_status": 200, "response_time_ms": 388.97}
{"event_type": "matches_found", "timestamp": "2026-02-02T06:09:26.809926", "request_id": "test_request_12345", "dataset": "us_ofac_sdn", "match_count": 0, "top_score": 0.0, "top_entity_id": null}
{"event_type": "yente_query", "timestamp": "2026-02-02T06:09:27.188888", "request_id": "test_request_12345", "dataset": "un_sc_sanctions", "query_fields": ["name"], "response_status": 200, "response_time_ms": 378.96}
{"event_type": "matches_found", "timestamp": "2026-02-02T06:09:27.189397", "request_id": "test_request_12345", "dataset": "un_sc_sanctions", "match_count": 0, "top_score": 0.0, "top_entity_id": null}
{"event_type": "screening_decision", "timestamp": "2026-02-02T06:09:27.190571", "request_id": "test_request_12345", "user_id": null, "context": null, "decision": "clear", "risk_level": "none", "top_score": 0.0, "total_matches": 0, "reasons": ["No sanctions matches found in OFAC or UN datasets.", "Person cleared for transaction processing."]}
{"event_type": "screening_request", "timestamp": "2026-02-02T06:09:30.253952", "request_id": "9cd5eb0f-750d-4865-a2ef-5b8127464e67", "user_id": null, "context": null, "request_data": {"full_name": "Performance Test User", "country": "US", "has_dob": false, "has_passport": false, "has_national_id": false}}
{"event_type": "yente_query", "timestamp": "2026-02-02T06:09:31.072524", "request_id": "9cd5eb0f-750d-4865-a2ef-5b8127464e67", "dataset": "us_ofac_sdn", "query_fields": ["name", "country"], "response_status": 200, "response_time_ms": 455.85}
{"event_type": "matches_found", "timestamp": "2026-02-02T06:09:31.073557", "request_id": "9cd5eb0f-750d-4865-a2ef-5b8127464e67", "dataset": "us_ofac_sdn", "match_count": 0, "top_score": 0.0, "top_entity_id": null}
{"event_type": "yente_query", "timestamp": "2026-02-02T06:09:31.697611", "request_id": "9cd5eb0f-750d-4865-a2ef-5b8127464e67", "dataset": "un_sc_sanctions", "query_fields": ["name", "country"], "response_status": 200, "response_time_ms": 623.04}
{"event_type": "matches_found", "timestamp": "2026-02-02T06:09:31.698633", "request_id": "9cd5eb0f-750d-4865-a2ef-5b8127464e67", "dataset": "un_sc_sanctions", "match_count": 0, "top_score": 0.0, "top_entity_id": null}
{"event_type": "screening_decision", "timestamp": "2026-02-02T06:09:31.699632", "request_id": "9cd5eb0f-750d-4865-a2ef-5b8127464e67", "user_id": null, "context": null, "decision": "clear", "risk_level": "none", "top_score": 0.0, "total_matches": 0, "reasons": ["No sanctions matches found in OFAC or UN datasets.", "Person cleared for transaction processing."]}
